<?xml version="1.0" encoding="UTF-8"?>
<!-- Generated by org.testng.reporters.JUnitReportReporter -->
<testsuite hostname="LAPTOP-42D81NUH" failures="0" tests="1" name="testCases.TC_001" time="57.711" errors="0" timestamp="2022-06-16T23:30:28 WAT" skipped="0">
  <testcase classname="testCases.TC_001" name="login_TC_001" time="57.711"/>
  <system-out/>
</testsuite> <!-- testCases.TC_001 -->
