<?xml version="1.0" encoding="UTF-8"?>
<!-- Generated by org.testng.reporters.JUnitReportReporter -->
<testsuite hostname="LAPTOP-42D81NUH" failures="0" tests="1" name="testCases.TC_007" time="65.231" errors="0" timestamp="2022-06-16T23:30:28 WAT" skipped="0">
  <testcase classname="testCases.TC_007" name="login_TC_005" time="65.231"/>
  <system-out/>
</testsuite> <!-- testCases.TC_007 -->
