<?xml version="1.0" encoding="UTF-8"?>
<!-- Generated by org.testng.reporters.JUnitReportReporter -->
<testsuite hostname="Hugo-Tech-175" failures="0" tests="1" name="main.Run.Base" time="0.009" errors="0" timestamp="2022-01-10T21:28:48 WAT" skipped="0">
  <testcase classname="main.Run.Base" name="Run" time="0.009"/>
  <system-out/>
</testsuite> <!-- main.Run.Base -->
