<?xml version="1.0" encoding="UTF-8"?>
<!-- Generated by org.testng.reporters.JUnitReportReporter -->
<testsuite hostname="LAPTOP-42D81NUH" failures="0" tests="1" name="testCases.TC_013" time="32.946" errors="0" timestamp="2022-06-17T16:13:05 WAT" skipped="0">
  <testcase classname="testCases.TC_013" name="login_TC_013" time="32.946"/>
  <system-out/>
</testsuite> <!-- testCases.TC_013 -->
