<?xml version="1.0" encoding="UTF-8"?>
<!-- Generated by org.testng.reporters.JUnitReportReporter -->
<testsuite hostname="Hugo-Tech-175" failures="0" tests="1" name="testCases.NewRequestTest" time="475.920" errors="0" timestamp="2022-01-14T03:06:33 WAT" skipped="0">
  <testcase classname="testCases.NewRequestTest" name="newRequest" time="475.920"/>
  <system-out/>
</testsuite> <!-- testCases.NewRequestTest -->
