<?xml version="1.0" encoding="UTF-8"?>
<!-- Generated by org.testng.reporters.JUnitReportReporter -->
<testsuite hostname="LAPTOP-42D81NUH" failures="0" tests="1" name="testCases.TC_009" time="40.271" errors="0" timestamp="2022-06-17T01:09:23 WAT" skipped="0">
  <testcase classname="testCases.TC_009" name="login_TC_002" time="40.271"/>
  <system-out/>
</testsuite> <!-- testCases.TC_009 -->
