<?xml version="1.0" encoding="UTF-8"?>
<!-- Generated by org.testng.reporters.JUnitReportReporter -->
<testsuite hostname="LAPTOP-42D81NUH" failures="0" tests="1" name="testCases.TC_005" time="43.442" errors="0" timestamp="2022-06-17T00:20:45 WAT" skipped="0">
  <testcase classname="testCases.TC_005" name="login_TC_005" time="43.442"/>
  <system-out/>
</testsuite> <!-- testCases.TC_005 -->
