<?xml version="1.0" encoding="UTF-8"?>
<!-- Generated by org.testng.reporters.JUnitReportReporter -->
<testsuite hostname="LAPTOP-42D81NUH" failures="0" tests="1" name="testCases.LoginInvalidTest" time="118.913" errors="0" timestamp="2022-06-15T23:16:21 WAT" skipped="0">
  <testcase classname="testCases.LoginInvalidTest" name="loginInvalid" time="118.913"/>
  <system-out/>
</testsuite> <!-- testCases.LoginInvalidTest -->
