<?xml version="1.0" encoding="UTF-8"?>
<!-- Generated by org.testng.reporters.JUnitReportReporter -->
<testsuite hostname="LAPTOP-42D81NUH" failures="0" tests="1" name="testCases.TC_003" time="75.811" errors="0" timestamp="2022-06-16T23:30:28 WAT" skipped="0">
  <testcase classname="testCases.TC_003" name="login_TC_003" time="75.811"/>
  <system-out/>
</testsuite> <!-- testCases.TC_003 -->
