<?xml version="1.0" encoding="UTF-8"?>
<!-- Generated by org.testng.reporters.JUnitReportReporter -->
<testsuite hostname="Hugo-Tech-175" failures="0" tests="1" name="testCases.LoginTest" time="80.113" errors="0" timestamp="2022-01-14T01:37:12 WAT" skipped="0">
  <testcase classname="testCases.LoginTest" name="login1" time="80.113"/>
  <system-out/>
</testsuite> <!-- testCases.LoginTest -->
