<?xml version="1.0" encoding="UTF-8"?>
<!-- Generated by org.testng.reporters.JUnitReportReporter -->
<testsuite hostname="Hugo-Tech-175" failures="0" tests="1" name="testCases.Testing" time="0.009" errors="0" timestamp="2022-01-13T00:31:58 WAT" skipped="0">
  <testcase classname="testCases.Testing" name="example" time="0.009"/>
  <system-out/>
</testsuite> <!-- testCases.Testing -->
