<?xml version="1.0" encoding="UTF-8"?>
<!-- Generated by org.testng.reporters.JUnitReportReporter -->
<testsuite hostname="Hugo-Tech-175" failures="0" tests="2" name="assessmentPortal.HomePage" time="79.857" errors="0" timestamp="2022-01-11T08:29:39 WAT" skipped="0">
  <testcase classname="assessmentPortal.HomePage" name="Home1" time="44.661"/>
  <system-out/>
  <testcase classname="assessmentPortal.HomePage" name="Home1" time="35.196"/>
  <system-out/>
</testsuite> <!-- assessmentPortal.HomePage -->
