<?xml version="1.0" encoding="UTF-8"?>
<!-- Generated by org.testng.reporters.JUnitReportReporter -->
<testsuite hostname="LAPTOP-42D81NUH" failures="0" tests="1" name="testCases.TC_011" time="59.280" errors="0" timestamp="2022-06-17T15:05:08 WAT" skipped="0">
  <testcase classname="testCases.TC_011" name="login_TC_010" time="59.280"/>
  <system-out/>
</testsuite> <!-- testCases.TC_011 -->
