<?xml version="1.0" encoding="UTF-8"?>
<!-- Generated by org.testng.reporters.JUnitReportReporter -->
<testsuite hostname="Hugo-Tech-175" failures="0" tests="1" name="assessmentPortal.LoginTest" time="66.283" errors="0" timestamp="2022-01-11T17:00:00 WAT" skipped="0">
  <testcase classname="assessmentPortal.LoginTest" name="Login1Test" time="66.283"/>
  <system-out/>
</testsuite> <!-- assessmentPortal.LoginTest -->
