<?xml version="1.0" encoding="UTF-8"?>
<!-- Generated by org.testng.reporters.JUnitReportReporter -->
<testsuite hostname="Hugo-Tech-175" failures="0" tests="1" name="testCases.NewMedicationTest" time="57.264" errors="0" timestamp="2022-01-14T02:28:27 WAT" skipped="0">
  <testcase classname="testCases.NewMedicationTest" name="newMedication" time="57.264"/>
  <system-out/>
</testsuite> <!-- testCases.NewMedicationTest -->
